{"C:\\Users\\ochoa\\Desktop\\Projects\\rest_api_node_ts_server\\src\\router.ts": {"path":"C:\\Users\\ochoa\\Desktop\\Projects\\rest_api_node_ts_server\\src\\router.ts","statementMap":{"0":{"start":{"line":1,"column":0},"end":{"line":1,"column":33}},"1":{"start":{"line":2,"column":0},"end":{"line":2,"column":129}},"2":{"start":{"line":3,"column":0},"end":{"line":3,"column":48}},"3":{"start":{"line":4,"column":0},"end":{"line":4,"column":48}},"4":{"start":{"line":6,"column":15},"end":{"line":6,"column":23}},"5":{"start":{"line":8,"column":0},"end":{"line":8,"column":28}},"6":{"start":{"line":10,"column":0},"end":{"line":19,"column":2}},"7":{"start":{"line":15,"column":23},"end":{"line":15,"column":32}},"8":{"start":{"line":21,"column":0},"end":{"line":34,"column":2}},"9":{"start":{"line":30,"column":23},"end":{"line":30,"column":32}},"10":{"start":{"line":36,"column":0},"end":{"line":52,"column":17}},"11":{"start":{"line":41,"column":23},"end":{"line":41,"column":32}},"12":{"start":{"line":49,"column":23},"end":{"line":49,"column":32}},"13":{"start":{"line":54,"column":0},"end":{"line":63,"column":2}},"14":{"start":{"line":59,"column":23},"end":{"line":59,"column":32}},"15":{"start":{"line":65,"column":0},"end":{"line":74,"column":2}},"16":{"start":{"line":70,"column":23},"end":{"line":70,"column":32}},"17":{"start":{"line":76,"column":0},"end":{"line":76,"column":22}}},"fnMap":{"0":{"name":"(anonymous_0)","decl":{"start":{"line":15,"column":12},"end":{"line":15,"column":13}},"loc":{"start":{"line":15,"column":23},"end":{"line":15,"column":32}}},"1":{"name":"(anonymous_1)","decl":{"start":{"line":30,"column":12},"end":{"line":30,"column":13}},"loc":{"start":{"line":30,"column":23},"end":{"line":30,"column":32}}},"2":{"name":"(anonymous_2)","decl":{"start":{"line":41,"column":12},"end":{"line":41,"column":13}},"loc":{"start":{"line":41,"column":23},"end":{"line":41,"column":32}}},"3":{"name":"(anonymous_3)","decl":{"start":{"line":49,"column":12},"end":{"line":49,"column":13}},"loc":{"start":{"line":49,"column":23},"end":{"line":49,"column":32}}},"4":{"name":"(anonymous_4)","decl":{"start":{"line":59,"column":12},"end":{"line":59,"column":13}},"loc":{"start":{"line":59,"column":23},"end":{"line":59,"column":32}}},"5":{"name":"(anonymous_5)","decl":{"start":{"line":70,"column":12},"end":{"line":70,"column":13}},"loc":{"start":{"line":70,"column":23},"end":{"line":70,"column":32}}}},"branchMap":{},"s":{"0":2,"1":2,"2":2,"3":2,"4":2,"5":2,"6":2,"7":2,"8":2,"9":4,"10":2,"11":4,"12":4,"13":2,"14":2,"15":2,"16":3,"17":2},"f":{"0":2,"1":4,"2":4,"3":4,"4":2,"5":3},"b":{}}
,"C:\\Users\\ochoa\\Desktop\\Projects\\rest_api_node_ts_server\\src\\server.ts": {"path":"C:\\Users\\ochoa\\Desktop\\Projects\\rest_api_node_ts_server\\src\\server.ts","statementMap":{"0":{"start":{"line":7,"column":0},"end":{"line":7,"column":7}},"1":{"start":{"line":1,"column":0},"end":{"line":1,"column":30}},"2":{"start":{"line":2,"column":0},"end":{"line":2,"column":28}},"3":{"start":{"line":3,"column":0},"end":{"line":3,"column":30}},"4":{"start":{"line":4,"column":0},"end":{"line":4,"column":29}},"5":{"start":{"line":8,"column":4},"end":{"line":15,"column":5}},"6":{"start":{"line":9,"column":8},"end":{"line":9,"column":32}},"7":{"start":{"line":10,"column":8},"end":{"line":10,"column":18}},"8":{"start":{"line":13,"column":8},"end":{"line":13,"column":77}},"9":{"start":{"line":17,"column":0},"end":{"line":17,"column":12}},"10":{"start":{"line":19,"column":15},"end":{"line":19,"column":24}},"11":{"start":{"line":21,"column":0},"end":{"line":21,"column":27}},"12":{"start":{"line":23,"column":0},"end":{"line":23,"column":36}},"13":{"start":{"line":25,"column":0},"end":{"line":27,"column":3}},"14":{"start":{"line":26,"column":4},"end":{"line":26,"column":33}},"15":{"start":{"line":29,"column":0},"end":{"line":29,"column":22}}},"fnMap":{"0":{"name":"connectDB","decl":{"start":{"line":7,"column":22},"end":{"line":7,"column":31}},"loc":{"start":{"line":7,"column":31},"end":{"line":16,"column":1}}},"1":{"name":"(anonymous_2)","decl":{"start":{"line":25,"column":19},"end":{"line":25,"column":20}},"loc":{"start":{"line":25,"column":32},"end":{"line":27,"column":1}}}},"branchMap":{},"s":{"0":2,"1":2,"2":2,"3":2,"4":2,"5":3,"6":3,"7":2,"8":1,"9":2,"10":2,"11":2,"12":2,"13":2,"14":1,"15":2},"f":{"0":3,"1":1},"b":{}}
,"C:\\Users\\ochoa\\Desktop\\Projects\\rest_api_node_ts_server\\src\\config\\db.ts": {"path":"C:\\Users\\ochoa\\Desktop\\Projects\\rest_api_node_ts_server\\src\\config\\db.ts","statementMap":{"0":{"start":{"line":1,"column":0},"end":{"line":1,"column":49}},"1":{"start":{"line":2,"column":0},"end":{"line":2,"column":32}},"2":{"start":{"line":3,"column":0},"end":{"line":3,"column":9}},"3":{"start":{"line":5,"column":11},"end":{"line":8,"column":2}},"4":{"start":{"line":10,"column":0},"end":{"line":10,"column":18}}},"fnMap":{},"branchMap":{},"s":{"0":2,"1":2,"2":2,"3":2,"4":2},"f":{},"b":{}}
,"C:\\Users\\ochoa\\Desktop\\Projects\\rest_api_node_ts_server\\src\\handlers\\product.ts": {"path":"C:\\Users\\ochoa\\Desktop\\Projects\\rest_api_node_ts_server\\src\\handlers\\product.ts","statementMap":{"0":{"start":{"line":2,"column":0},"end":{"line":2,"column":46}},"1":{"start":{"line":4,"column":26},"end":{"line":12,"column":1}},"2":{"start":{"line":5,"column":21},"end":{"line":10,"column":6}},"3":{"start":{"line":11,"column":4},"end":{"line":11,"column":33}},"4":{"start":{"line":4,"column":13},"end":{"line":4,"column":26}},"5":{"start":{"line":14,"column":30},"end":{"line":22,"column":1}},"6":{"start":{"line":15,"column":21},"end":{"line":15,"column":58}},"7":{"start":{"line":17,"column":4},"end":{"line":19,"column":5}},"8":{"start":{"line":18,"column":8},"end":{"line":18,"column":70}},"9":{"start":{"line":21,"column":4},"end":{"line":21,"column":33}},"10":{"start":{"line":14,"column":13},"end":{"line":14,"column":30}},"11":{"start":{"line":24,"column":29},"end":{"line":27,"column":1}},"12":{"start":{"line":25,"column":20},"end":{"line":25,"column":50}},"13":{"start":{"line":26,"column":4},"end":{"line":26,"column":66}},"14":{"start":{"line":24,"column":13},"end":{"line":24,"column":29}},"15":{"start":{"line":29,"column":29},"end":{"line":40,"column":1}},"16":{"start":{"line":30,"column":20},"end":{"line":30,"column":57}},"17":{"start":{"line":32,"column":4},"end":{"line":34,"column":5}},"18":{"start":{"line":33,"column":8},"end":{"line":33,"column":70}},"19":{"start":{"line":36,"column":4},"end":{"line":36,"column":35}},"20":{"start":{"line":37,"column":4},"end":{"line":37,"column":25}},"21":{"start":{"line":39,"column":4},"end":{"line":39,"column":32}},"22":{"start":{"line":29,"column":13},"end":{"line":29,"column":29}},"23":{"start":{"line":42,"column":34},"end":{"line":54,"column":1}},"24":{"start":{"line":43,"column":20},"end":{"line":43,"column":57}},"25":{"start":{"line":45,"column":4},"end":{"line":47,"column":5}},"26":{"start":{"line":46,"column":8},"end":{"line":46,"column":70}},"27":{"start":{"line":49,"column":4},"end":{"line":49,"column":60}},"28":{"start":{"line":50,"column":4},"end":{"line":50,"column":35}},"29":{"start":{"line":51,"column":4},"end":{"line":51,"column":25}},"30":{"start":{"line":53,"column":4},"end":{"line":53,"column":32}},"31":{"start":{"line":42,"column":13},"end":{"line":42,"column":34}},"32":{"start":{"line":56,"column":29},"end":{"line":70,"column":1}},"33":{"start":{"line":57,"column":4},"end":{"line":69,"column":5}},"34":{"start":{"line":58,"column":24},"end":{"line":58,"column":61}},"35":{"start":{"line":60,"column":8},"end":{"line":62,"column":9}},"36":{"start":{"line":61,"column":12},"end":{"line":61,"column":74}},"37":{"start":{"line":64,"column":8},"end":{"line":64,"column":32}},"38":{"start":{"line":65,"column":8},"end":{"line":65,"column":49}},"39":{"start":{"line":67,"column":8},"end":{"line":67,"column":29}},"40":{"start":{"line":68,"column":8},"end":{"line":68,"column":67}},"41":{"start":{"line":56,"column":13},"end":{"line":56,"column":29}}},"fnMap":{"0":{"name":"(anonymous_1)","decl":{"start":{"line":4,"column":26},"end":{"line":4,"column":31}},"loc":{"start":{"line":4,"column":64},"end":{"line":12,"column":1}}},"1":{"name":"(anonymous_2)","decl":{"start":{"line":14,"column":30},"end":{"line":14,"column":35}},"loc":{"start":{"line":14,"column":68},"end":{"line":22,"column":1}}},"2":{"name":"(anonymous_3)","decl":{"start":{"line":24,"column":29},"end":{"line":24,"column":34}},"loc":{"start":{"line":24,"column":67},"end":{"line":27,"column":1}}},"3":{"name":"(anonymous_4)","decl":{"start":{"line":29,"column":29},"end":{"line":29,"column":34}},"loc":{"start":{"line":29,"column":67},"end":{"line":40,"column":1}}},"4":{"name":"(anonymous_5)","decl":{"start":{"line":42,"column":34},"end":{"line":42,"column":39}},"loc":{"start":{"line":42,"column":72},"end":{"line":54,"column":1}}},"5":{"name":"(anonymous_6)","decl":{"start":{"line":56,"column":29},"end":{"line":56,"column":34}},"loc":{"start":{"line":56,"column":67},"end":{"line":70,"column":1}}}},"branchMap":{"0":{"loc":{"start":{"line":17,"column":4},"end":{"line":19,"column":5}},"type":"if","locations":[{"start":{"line":17,"column":4},"end":{"line":19,"column":5}}]},"1":{"loc":{"start":{"line":32,"column":4},"end":{"line":34,"column":5}},"type":"if","locations":[{"start":{"line":32,"column":4},"end":{"line":34,"column":5}}]},"2":{"loc":{"start":{"line":45,"column":4},"end":{"line":47,"column":5}},"type":"if","locations":[{"start":{"line":45,"column":4},"end":{"line":47,"column":5}}]},"3":{"loc":{"start":{"line":60,"column":8},"end":{"line":62,"column":9}},"type":"if","locations":[{"start":{"line":60,"column":8},"end":{"line":62,"column":9}}]}},"s":{"0":2,"1":2,"2":2,"3":2,"4":2,"5":2,"6":2,"7":2,"8":1,"9":1,"10":2,"11":2,"12":1,"13":1,"14":2,"15":2,"16":3,"17":3,"18":1,"19":2,"20":2,"21":2,"22":2,"23":2,"24":2,"25":2,"26":1,"27":1,"28":1,"29":1,"30":1,"31":2,"32":2,"33":2,"34":2,"35":2,"36":1,"37":1,"38":1,"39":0,"40":0,"41":2},"f":{"0":2,"1":2,"2":1,"3":3,"4":2,"5":2},"b":{"0":[1],"1":[1],"2":[1],"3":[1]}}
,"C:\\Users\\ochoa\\Desktop\\Projects\\rest_api_node_ts_server\\src\\middleware\\index.ts": {"path":"C:\\Users\\ochoa\\Desktop\\Projects\\rest_api_node_ts_server\\src\\middleware\\index.ts","statementMap":{"0":{"start":{"line":2,"column":0},"end":{"line":2,"column":53}},"1":{"start":{"line":4,"column":32},"end":{"line":11,"column":1}},"2":{"start":{"line":5,"column":19},"end":{"line":5,"column":40}},"3":{"start":{"line":6,"column":4},"end":{"line":8,"column":5}},"4":{"start":{"line":7,"column":8},"end":{"line":7,"column":64}},"5":{"start":{"line":10,"column":4},"end":{"line":10,"column":11}},"6":{"start":{"line":4,"column":13},"end":{"line":4,"column":32}}},"fnMap":{"0":{"name":"(anonymous_0)","decl":{"start":{"line":4,"column":32},"end":{"line":4,"column":33}},"loc":{"start":{"line":4,"column":84},"end":{"line":11,"column":1}}}},"branchMap":{"0":{"loc":{"start":{"line":6,"column":4},"end":{"line":8,"column":5}},"type":"if","locations":[{"start":{"line":6,"column":4},"end":{"line":8,"column":5}}]}},"s":{"0":2,"1":2,"2":15,"3":15,"4":5,"5":10,"6":2},"f":{"0":15},"b":{"0":[5]}}
,"C:\\Users\\ochoa\\Desktop\\Projects\\rest_api_node_ts_server\\src\\models\\Product.model.ts": {"path":"C:\\Users\\ochoa\\Desktop\\Projects\\rest_api_node_ts_server\\src\\models\\Product.model.ts","statementMap":{"0":{"start":{"line":1,"column":0},"end":{"line":1,"column":79}},"1":{"start":{"line":7,"column":0},"end":{"line":24,"column":null}},"2":{"start":{"line":11,"column":4},"end":{"line":11,"column":null}},"3":{"start":{"line":16,"column":4},"end":{"line":16,"column":null}},"4":{"start":{"line":22,"column":4},"end":{"line":22,"column":null}},"5":{"start":{"line":7,"column":6},"end":{"line":24,"column":null}},"6":{"start":{"line":26,"column":0},"end":{"line":26,"column":23}}},"fnMap":{},"branchMap":{},"s":{"0":3,"1":3,"2":3,"3":3,"4":3,"5":3,"6":3},"f":{},"b":{}}
}
