TN:
SF:src\router.ts
FN:15,(anonymous_0)
FN:30,(anonymous_1)
FN:41,(anonymous_2)
FN:49,(anonymous_3)
FN:59,(anonymous_4)
FN:70,(anonymous_5)
FNF:6
FNH:6
FNDA:2,(anonymous_0)
FNDA:4,(anonymous_1)
FNDA:4,(anonymous_2)
FNDA:4,(anonymous_3)
FNDA:2,(anonymous_4)
FNDA:3,(anonymous_5)
DA:1,2
DA:2,2
DA:3,2
DA:4,2
DA:6,2
DA:8,2
DA:10,2
DA:15,2
DA:21,2
DA:30,4
DA:36,2
DA:41,4
DA:49,4
DA:54,2
DA:59,2
DA:65,2
DA:70,3
DA:76,2
LF:18
LH:18
BRF:0
BRH:0
end_of_record
TN:
SF:src\server.ts
FN:7,connectDB
FN:25,(anonymous_2)
FNF:2
FNH:2
FNDA:3,connectDB
FNDA:1,(anonymous_2)
DA:1,2
DA:2,2
DA:3,2
DA:4,2
DA:7,2
DA:8,3
DA:9,3
DA:10,2
DA:13,1
DA:17,2
DA:19,2
DA:21,2
DA:23,2
DA:25,2
DA:26,1
DA:29,2
LF:16
LH:16
BRF:0
BRH:0
end_of_record
TN:
SF:src\config\db.ts
FNF:0
FNH:0
DA:1,2
DA:2,2
DA:3,2
DA:5,2
DA:10,2
LF:5
LH:5
BRF:0
BRH:0
end_of_record
TN:
SF:src\handlers\product.ts
FN:4,(anonymous_1)
FN:14,(anonymous_2)
FN:24,(anonymous_3)
FN:29,(anonymous_4)
FN:42,(anonymous_5)
FN:56,(anonymous_6)
FNF:6
FNH:6
FNDA:2,(anonymous_1)
FNDA:2,(anonymous_2)
FNDA:1,(anonymous_3)
FNDA:3,(anonymous_4)
FNDA:2,(anonymous_5)
FNDA:2,(anonymous_6)
DA:2,2
DA:4,2
DA:5,2
DA:11,2
DA:14,2
DA:15,2
DA:17,2
DA:18,1
DA:21,1
DA:24,2
DA:25,1
DA:26,1
DA:29,2
DA:30,3
DA:32,3
DA:33,1
DA:36,2
DA:37,2
DA:39,2
DA:42,2
DA:43,2
DA:45,2
DA:46,1
DA:49,1
DA:50,1
DA:51,1
DA:53,1
DA:56,2
DA:57,2
DA:58,2
DA:60,2
DA:61,1
DA:64,1
DA:65,1
DA:67,0
DA:68,0
LF:36
LH:34
BRDA:17,0,0,1
BRDA:32,1,0,1
BRDA:45,2,0,1
BRDA:60,3,0,1
BRF:4
BRH:4
end_of_record
TN:
SF:src\middleware\index.ts
FN:4,(anonymous_0)
FNF:1
FNH:1
FNDA:15,(anonymous_0)
DA:2,2
DA:4,2
DA:5,15
DA:6,15
DA:7,5
DA:10,10
LF:6
LH:6
BRDA:6,0,0,5
BRF:1
BRH:1
end_of_record
TN:
SF:src\models\Product.model.ts
FNF:0
FNH:0
DA:1,3
DA:7,3
DA:11,3
DA:16,3
DA:22,3
DA:26,3
LF:6
LH:6
BRF:0
BRH:0
end_of_record
